{"name": " -- @1.1 ", "status": "broken", "statusDetails": {"message": "selenium.common.exceptions.InvalidArgumentException: Message: invalid argument\n  (Session info: chrome=120.0.6099.72)\nStacktrace:\n\tGetHandleVerifier [0x00546E73+174291]\n\t(No symbol) [0x00470AC1]\n\t(No symbol) [0x00186E8A]\n\t(No symbol) [0x0017A152]\n\t(No symbol) [0x00178983]\n\t(No symbol) [0x00178DD8]\n\t(No symbol) [0x00188EB7]\n\t(No symbol) [0x001EA9D2]\n\t(No symbol) [0x001D700C]\n\t(No symbol) [0x001EA104]\n\t(No symbol) [0x001D6DA6]\n\t(No symbol) [0x001B1034]\n\t(No symbol) [0x001B1F8D]\n\tGetHandleVerifier [0x005E49CC+820268]\n\tsqlite3_dbdata_init [0x006A4EBE+652494]\n\tsqlite3_dbdata_init [0x006A48D9+650985]\n\tsqlite3_dbdata_init [0x0069962C+605244]\n\tsqlite3_dbdata_init [0x006A586B+654971]\n\t(No symbol) [0x0047FEBC]\n\t(No symbol) [0x00478428]\n\t(No symbol) [0x0047854D]\n\t(No symbol) [0x00465858]\n\tBaseThreadInitThunk [0x77937BA9+25]\n\tRtlInitializeExceptionChain [0x77D5BD2B+107]\n\tRtlClearBits [0x77D5BCAF+191]\n\t(No symbol) [0x00000000]\n\n", "trace": "  File \"C:\\Users\\Amph4rd\\PycharmProjects\\demo-screempy-behave\\venv\\Lib\\site-packages\\behave\\model.py\", line 1329, in run\n    match.run(runner.context)\n  File \"C:\\Users\\Amph4rd\\PycharmProjects\\demo-screempy-behave\\venv\\Lib\\site-packages\\behave\\matchers.py\", line 98, in run\n    self.func(context, *args, **kwargs)\n  File \"features\\steps\\LoginStepDefinitions.py\", line 21, in step_impl\n    self.actor.was_able_to(Open.browser_on(\"\"))\n  File \"C:\\Users\\Amph4rd\\PycharmProjects\\demo-screempy-behave\\venv\\Lib\\site-packages\\screenpy\\actor.py\", line 163, in was_able_to\n    return self.attempts_to(*actions)\n           ^^^^^^^^^^^^^^^^^^^^^^^^^^\n  File \"C:\\Users\\Amph4rd\\PycharmProjects\\demo-screempy-behave\\venv\\Lib\\site-packages\\screenpy\\actor.py\", line 159, in attempts_to\n    self.perform(action)\n  File \"C:\\Users\\Amph4rd\\PycharmProjects\\demo-screempy-behave\\venv\\Lib\\site-packages\\screenpy\\actor.py\", line 203, in perform\n    action.perform_as(self)\n  File \"C:\\Users\\Amph4rd\\PycharmProjects\\demo-screempy-behave\\venv\\Lib\\site-packages\\screenpy\\pacing.py\", line 116, in wrapper\n    retval = n_func(*args, **kwargs)\n             ^^^^^^^^^^^^^^^^^^^^^^^\n  File \"C:\\Users\\Amph4rd\\PycharmProjects\\demo-screempy-behave\\venv\\Lib\\site-packages\\screenpy_selenium\\actions\\open.py\", line 65, in perform_as\n    browser.get(self.url)\n  File \"C:\\Users\\Amph4rd\\PycharmProjects\\demo-screempy-behave\\venv\\Lib\\site-packages\\selenium\\webdriver\\remote\\webdriver.py\", line 357, in get\n    self.execute(Command.GET, {\"url\": url})\n  File \"C:\\Users\\Amph4rd\\PycharmProjects\\demo-screempy-behave\\venv\\Lib\\site-packages\\selenium\\webdriver\\remote\\webdriver.py\", line 348, in execute\n    self.error_handler.check_response(response)\n  File \"C:\\Users\\Amph4rd\\PycharmProjects\\demo-screempy-behave\\venv\\Lib\\site-packages\\selenium\\webdriver\\remote\\errorhandler.py\", line 229, in check_response\n    raise exception_class(message, screen, stacktrace)\n"}, "steps": [{"name": "Given that the user is on the login \"https://demo.serenity.is/Account/Login/?ReturnUrl=%2F\" with \"chrome\"", "status": "broken", "statusDetails": {"message": "selenium.common.exceptions.InvalidArgumentException: Message: invalid argument\n  (Session info: chrome=120.0.6099.72)\nStacktrace:\n\tGetHandleVerifier [0x00546E73+174291]\n\t(No symbol) [0x00470AC1]\n\t(No symbol) [0x00186E8A]\n\t(No symbol) [0x0017A152]\n\t(No symbol) [0x00178983]\n\t(No symbol) [0x00178DD8]\n\t(No symbol) [0x00188EB7]\n\t(No symbol) [0x001EA9D2]\n\t(No symbol) [0x001D700C]\n\t(No symbol) [0x001EA104]\n\t(No symbol) [0x001D6DA6]\n\t(No symbol) [0x001B1034]\n\t(No symbol) [0x001B1F8D]\n\tGetHandleVerifier [0x005E49CC+820268]\n\tsqlite3_dbdata_init [0x006A4EBE+652494]\n\tsqlite3_dbdata_init [0x006A48D9+650985]\n\tsqlite3_dbdata_init [0x0069962C+605244]\n\tsqlite3_dbdata_init [0x006A586B+654971]\n\t(No symbol) [0x0047FEBC]\n\t(No symbol) [0x00478428]\n\t(No symbol) [0x0047854D]\n\t(No symbol) [0x00465858]\n\tBaseThreadInitThunk [0x77937BA9+25]\n\tRtlInitializeExceptionChain [0x77D5BD2B+107]\n\tRtlClearBits [0x77D5BCAF+191]\n\t(No symbol) [0x00000000]\n\n", "trace": "  File \"C:\\Users\\Amph4rd\\PycharmProjects\\demo-screempy-behave\\venv\\Lib\\site-packages\\behave\\model.py\", line 1329, in run\n    match.run(runner.context)\n  File \"C:\\Users\\Amph4rd\\PycharmProjects\\demo-screempy-behave\\venv\\Lib\\site-packages\\behave\\matchers.py\", line 98, in run\n    self.func(context, *args, **kwargs)\n  File \"features\\steps\\LoginStepDefinitions.py\", line 21, in step_impl\n    self.actor.was_able_to(Open.browser_on(\"\"))\n  File \"C:\\Users\\Amph4rd\\PycharmProjects\\demo-screempy-behave\\venv\\Lib\\site-packages\\screenpy\\actor.py\", line 163, in was_able_to\n    return self.attempts_to(*actions)\n           ^^^^^^^^^^^^^^^^^^^^^^^^^^\n  File \"C:\\Users\\Amph4rd\\PycharmProjects\\demo-screempy-behave\\venv\\Lib\\site-packages\\screenpy\\actor.py\", line 159, in attempts_to\n    self.perform(action)\n  File \"C:\\Users\\Amph4rd\\PycharmProjects\\demo-screempy-behave\\venv\\Lib\\site-packages\\screenpy\\actor.py\", line 203, in perform\n    action.perform_as(self)\n  File \"C:\\Users\\Amph4rd\\PycharmProjects\\demo-screempy-behave\\venv\\Lib\\site-packages\\screenpy\\pacing.py\", line 116, in wrapper\n    retval = n_func(*args, **kwargs)\n             ^^^^^^^^^^^^^^^^^^^^^^^\n  File \"C:\\Users\\Amph4rd\\PycharmProjects\\demo-screempy-behave\\venv\\Lib\\site-packages\\screenpy_selenium\\actions\\open.py\", line 65, in perform_as\n    browser.get(self.url)\n  File \"C:\\Users\\Amph4rd\\PycharmProjects\\demo-screempy-behave\\venv\\Lib\\site-packages\\selenium\\webdriver\\remote\\webdriver.py\", line 357, in get\n    self.execute(Command.GET, {\"url\": url})\n  File \"C:\\Users\\Amph4rd\\PycharmProjects\\demo-screempy-behave\\venv\\Lib\\site-packages\\selenium\\webdriver\\remote\\webdriver.py\", line 348, in execute\n    self.error_handler.check_response(response)\n  File \"C:\\Users\\Amph4rd\\PycharmProjects\\demo-screempy-behave\\venv\\Lib\\site-packages\\selenium\\webdriver\\remote\\errorhandler.py\", line 229, in check_response\n    raise exception_class(message, screen, stacktrace)\n"}, "start": 1702650736819, "stop": 1702650736838}, {"name": "When he types login data \"admin\" \"serenity\"", "status": "skipped", "attachments": [{"name": ".table", "source": "672e6667-a8c2-4e9b-91a6-849b51e44e2f-attachment.csv", "type": "text/csv"}], "start": 1702650736840, "stop": 1702650736840}], "parameters": [{"name": "browser", "value": "chrome"}, {"name": "url", "value": "https://demo.serenity.is/Account/Login/?ReturnUrl=%2F"}, {"name": "user", "value": "admin"}, {"name": "password", "value": "serenity"}], "start": 1702650736818, "stop": 1702650736840, "uuid": "49d03ff9-0c30-489a-910b-3b8fe09f55f2", "historyId": "21e3473674bf8d94ac5421150e7bf6ce", "fullName": "testing the serenity demo page: ", "labels": [{"name": "severity", "value": "normal"}, {"name": "feature", "value": "testing the serenity demo page"}, {"name": "framework", "value": "behave"}, {"name": "language", "value": "cpython3"}]}